<?xml version="1.0" encoding="UTF-8"?>
<!-- Generated by org.testng.reporters.JUnitReportReporter -->
<testsuite skipped="0" hostname="DESKTOP-J1R7SKA" name="com.practise.tests.HomePageTest" tests="2" failures="0" timestamp="24 Jun 2021 14:43:59 GMT" time="45.978" errors="0">
  <testcase name="homePageTestDemo" time="28.719" classname="com.practise.tests.HomePageTest"/>
  <testcase name="homePageTestDemo1" time="17.259" classname="com.practise.tests.HomePageTest"/>
</testsuite> <!-- com.practise.tests.HomePageTest -->
