<?xml version="1.0" encoding="UTF-8"?>
<!-- Generated by org.testng.reporters.JUnitReportReporter -->
<testsuite skipped="1" hostname="DESKTOP-J1R7SKA" name="com.practise.tests.LoginPageTest" tests="2" failures="0" timestamp="19 Jul 2021 12:39:26 GMT" time="199.312" errors="0">
  <testcase name="loginintoDemo" time="199.312" classname="com.practise.tests.LoginPageTest"/>
  <testcase name="loginTest" classname="com.practise.tests.LoginPageTest">
    <skipped/>
  </testcase> <!-- loginTest -->
</testsuite> <!-- com.practise.tests.LoginPageTest -->
