<?xml version="1.0" encoding="UTF-8"?>
<!-- Generated by org.testng.reporters.JUnitReportReporter -->
<testsuite skipped="0" hostname="DESKTOP-J1R7SKA" name="com.practise.tests.HomePageTest" tests="2" failures="0" timestamp="24 Jun 2021 12:46:52 GMT" time="44.505" errors="0">
  <testcase name="homePageTestDemo1" time="22.423" classname="com.practise.tests.HomePageTest"/>
  <testcase name="homePageTestDemo" time="22.082" classname="com.practise.tests.HomePageTest"/>
</testsuite> <!-- com.practise.tests.HomePageTest -->
