<?xml version="1.0" encoding="UTF-8"?>
<!-- Generated by org.testng.reporters.JUnitReportReporter -->
<testsuite skipped="0" hostname="DESKTOP-J1R7SKA" name="com.practise.tests.LoginPageTest" tests="1" failures="0" timestamp="28 Jun 2021 11:55:24 GMT" time="38.031" errors="0">
  <testcase name="loginTest" time="38.031" classname="com.practise.tests.LoginPageTest"/>
</testsuite> <!-- com.practise.tests.LoginPageTest -->
