<?xml version="1.0" encoding="UTF-8"?>
<!-- Generated by org.testng.reporters.JUnitReportReporter -->
<testsuite skipped="0" hostname="DESKTOP-J1R7SKA" name="com.practise.tests.HomePageTest" tests="2" failures="0" timestamp="29 Jun 2021 05:07:08 GMT" time="40.702" errors="0">
  <testcase name="homePageTestDemo" time="25.348" classname="com.practise.tests.HomePageTest"/>
  <testcase name="homePageTestDemo1" time="15.354" classname="com.practise.tests.HomePageTest"/>
</testsuite> <!-- com.practise.tests.HomePageTest -->
