<?xml version="1.0" encoding="UTF-8"?>
<!-- Generated by org.testng.reporters.JUnitReportReporter -->
<testsuite skipped="0" hostname="DESKTOP-J1R7SKA" name="com.practise.tests.HomePageTest" tests="2" failures="0" timestamp="28 Jun 2021 11:55:24 GMT" time="69.408" errors="0">
  <testcase name="homePageTestDemo" time="33.677" classname="com.practise.tests.HomePageTest"/>
  <testcase name="homePageTestDemo1" time="35.731" classname="com.practise.tests.HomePageTest"/>
</testsuite> <!-- com.practise.tests.HomePageTest -->
