<?xml version="1.0" encoding="UTF-8"?>
<!-- Generated by org.testng.reporters.JUnitReportReporter -->
<testsuite skipped="0" hostname="DESKTOP-J1R7SKA" name="com.practise.tests.LoginPageTest" tests="1" failures="0" timestamp="19 Jun 2021 05:48:57 GMT" time="20.737" errors="0">
  <testcase name="loginTest" time="20.737" classname="com.practise.tests.LoginPageTest"/>
</testsuite> <!-- com.practise.tests.LoginPageTest -->
