<?xml version="1.0" encoding="UTF-8"?>
<!-- Generated by org.testng.reporters.JUnitReportReporter -->
<testsuite skipped="0" hostname="DESKTOP-J1R7SKA" name="com.practise.tests.LoginPageTest" tests="1" failures="0" timestamp="24 Jun 2021 14:43:59 GMT" time="33.748" errors="0">
  <testcase name="loginTest" time="33.748" classname="com.practise.tests.LoginPageTest"/>
</testsuite> <!-- com.practise.tests.LoginPageTest -->
